<?xml version="1.0" encoding="UTF-8"?>
<robot generator="Robot 7.1.1 (Python 3.13.0 on win32)" generated="2024-11-29T13:38:23.358360" rpa="false" schemaversion="5">
<suite id="s1" name="Testcases" source="H:\GIT\LearningRobot\ClassProjectRobotframework\Automate\ClassProject_FutureSkill\Testcases">
<suite id="s1-s1" name="RegisTestcases" source="H:\GIT\LearningRobot\ClassProjectRobotframework\Automate\ClassProject_FutureSkill\Testcases\RegisTestcases.robot">
<kw name="Open Browser" owner="SeleniumLibrary" type="SETUP">
<msg time="2024-11-29T13:38:23.708266" level="INFO">Opening browser 'gc' to base url 'https://futureskill.co/'.</msg>
<arg>${BaseURL}</arg>
<arg>browser=gc</arg>
<doc>Opens a new browser instance to the optional ``url``.</doc>
<status status="PASS" start="2024-11-29T13:38:23.707959" elapsed="2.388247"/>
</kw>
<test id="s1-s1-t1" name="As a user, I want to Register and then have oth" line="11">
<kw name="When RegisPage.User register to futurn skill platfrom with ${Email} and ${Firthname} and ${Lastname} and ${Phone} and ${Firstpassword} and ${Secoundpassword}" owner="RegisPage" source_name="User register to futurn skill platfrom with ${Email} and ${Firsthname} and ${Lastname} and ${Phone} and ${FirstPass} and ${SecoundPass}">
<kw name="Wait unti element is ready then click element" owner="CommonKeywords">
<kw name="Wait Until Keyword Succeeds" owner="BuiltIn">
<kw name="Click Element" owner="SeleniumLibrary">
<msg time="2024-11-29T13:38:26.098900" level="INFO">Clicking element '//button[text()="สมัครสมาชิก"]'.</msg>
<arg>${Locator}</arg>
<doc>Click the element identified by ``locator``.</doc>
<status status="PASS" start="2024-11-29T13:38:26.098479" elapsed="1.890019"/>
</kw>
<arg>5x</arg>
<arg>2</arg>
<arg>Click Element</arg>
<arg>${Locator}</arg>
<doc>Runs the specified keyword and retries if it fails.</doc>
<status status="PASS" start="2024-11-29T13:38:26.098238" elapsed="1.890384"/>
</kw>
<arg>Locator=//button[text()="สมัครสมาชิก"]</arg>
<status status="PASS" start="2024-11-29T13:38:26.097855" elapsed="1.890872"/>
</kw>
<kw name="Wait until element is ready then input text" owner="CommonKeywords">
<kw name="Wait Until Keyword Succeeds" owner="BuiltIn">
<kw name="Input Text" owner="SeleniumLibrary">
<msg time="2024-11-29T13:38:27.989714" level="INFO">Typing text 'futurnregirter@gmail.com' into text field '//input[@name="email"]'.</msg>
<arg>${Locator}</arg>
<arg>${Text}</arg>
<doc>Types the given ``text`` into the text field identified by ``locator``.</doc>
<status status="PASS" start="2024-11-29T13:38:27.989497" elapsed="0.372335"/>
</kw>
<arg>5x</arg>
<arg>2</arg>
<arg>Input Text</arg>
<arg>${Locator}</arg>
<arg>${Text}</arg>
<doc>Runs the specified keyword and retries if it fails.</doc>
<status status="PASS" start="2024-11-29T13:38:27.989303" elapsed="0.372640"/>
</kw>
<arg>Locator=//input[@name="email"]</arg>
<arg>Text=${Email}</arg>
<status status="PASS" start="2024-11-29T13:38:27.988921" elapsed="0.373125"/>
</kw>
<kw name="Wait until element is ready then input text" owner="CommonKeywords">
<kw name="Wait Until Keyword Succeeds" owner="BuiltIn">
<kw name="Input Text" owner="SeleniumLibrary">
<msg time="2024-11-29T13:38:28.363003" level="INFO">Typing text 'ชื่อทดสอบ' into text field '//input[@name="firstName"]'.</msg>
<arg>${Locator}</arg>
<arg>${Text}</arg>
<doc>Types the given ``text`` into the text field identified by ``locator``.</doc>
<status status="PASS" start="2024-11-29T13:38:28.362792" elapsed="0.119110"/>
</kw>
<arg>5x</arg>
<arg>2</arg>
<arg>Input Text</arg>
<arg>${Locator}</arg>
<arg>${Text}</arg>
<doc>Runs the specified keyword and retries if it fails.</doc>
<status status="PASS" start="2024-11-29T13:38:28.362615" elapsed="0.119397"/>
</kw>
<arg>Locator=//input[@name="firstName"]</arg>
<arg>Text=${Firsthname}</arg>
<status status="PASS" start="2024-11-29T13:38:28.362241" elapsed="0.119866"/>
</kw>
<kw name="Wait until element is ready then input text" owner="CommonKeywords">
<kw name="Wait Until Keyword Succeeds" owner="BuiltIn">
<kw name="Input Text" owner="SeleniumLibrary">
<msg time="2024-11-29T13:38:28.483049" level="INFO">Typing text 'นามสกุลทดสอบ' into text field '//input[@name="lastName"]'.</msg>
<arg>${Locator}</arg>
<arg>${Text}</arg>
<doc>Types the given ``text`` into the text field identified by ``locator``.</doc>
<status status="PASS" start="2024-11-29T13:38:28.482838" elapsed="0.090327"/>
</kw>
<arg>5x</arg>
<arg>2</arg>
<arg>Input Text</arg>
<arg>${Locator}</arg>
<arg>${Text}</arg>
<doc>Runs the specified keyword and retries if it fails.</doc>
<status status="PASS" start="2024-11-29T13:38:28.482662" elapsed="0.090612"/>
</kw>
<arg>Locator=//input[@name="lastName"]</arg>
<arg>Text=${Lastname}</arg>
<status status="PASS" start="2024-11-29T13:38:28.482298" elapsed="0.091072"/>
</kw>
<kw name="Wait until element is ready then input text" owner="CommonKeywords">
<kw name="Wait Until Keyword Succeeds" owner="BuiltIn">
<kw name="Input Text" owner="SeleniumLibrary">
<msg time="2024-11-29T13:38:28.574319" level="INFO">Typing text '0853165121' into text field '//input[@name="phoneNumber"]'.</msg>
<arg>${Locator}</arg>
<arg>${Text}</arg>
<doc>Types the given ``text`` into the text field identified by ``locator``.</doc>
<status status="PASS" start="2024-11-29T13:38:28.574111" elapsed="0.084405"/>
</kw>
<arg>5x</arg>
<arg>2</arg>
<arg>Input Text</arg>
<arg>${Locator}</arg>
<arg>${Text}</arg>
<doc>Runs the specified keyword and retries if it fails.</doc>
<status status="PASS" start="2024-11-29T13:38:28.573931" elapsed="0.084694"/>
</kw>
<arg>Locator=//input[@name="phoneNumber"]</arg>
<arg>Text=${Phone}</arg>
<status status="PASS" start="2024-11-29T13:38:28.573560" elapsed="0.085159"/>
</kw>
<kw name="Wait until element is ready then input text" owner="CommonKeywords">
<kw name="Wait Until Keyword Succeeds" owner="BuiltIn">
<kw name="Input Text" owner="SeleniumLibrary">
<msg time="2024-11-29T13:38:28.659661" level="INFO">Typing text 'Passw0rd123!' into text field '//input[@name="newPassword"]'.</msg>
<arg>${Locator}</arg>
<arg>${Text}</arg>
<doc>Types the given ``text`` into the text field identified by ``locator``.</doc>
<status status="PASS" start="2024-11-29T13:38:28.659451" elapsed="0.090229"/>
</kw>
<arg>5x</arg>
<arg>2</arg>
<arg>Input Text</arg>
<arg>${Locator}</arg>
<arg>${Text}</arg>
<doc>Runs the specified keyword and retries if it fails.</doc>
<status status="PASS" start="2024-11-29T13:38:28.659277" elapsed="0.090512"/>
</kw>
<arg>Locator=//input[@name="newPassword"]</arg>
<arg>Text=${FirstPass}</arg>
<status status="PASS" start="2024-11-29T13:38:28.658913" elapsed="0.090970"/>
</kw>
<kw name="Wait until element is ready then input text" owner="CommonKeywords">
<kw name="Wait Until Keyword Succeeds" owner="BuiltIn">
<kw name="Input Text" owner="SeleniumLibrary">
<msg time="2024-11-29T13:38:28.750822" level="INFO">Typing text 'Passw0rd123!' into text field '//input[@placeholder="ยืนยันรหัสผ่าน"]'.</msg>
<arg>${Locator}</arg>
<arg>${Text}</arg>
<doc>Types the given ``text`` into the text field identified by ``locator``.</doc>
<status status="PASS" start="2024-11-29T13:38:28.750617" elapsed="0.087084"/>
</kw>
<arg>5x</arg>
<arg>2</arg>
<arg>Input Text</arg>
<arg>${Locator}</arg>
<arg>${Text}</arg>
<doc>Runs the specified keyword and retries if it fails.</doc>
<status status="PASS" start="2024-11-29T13:38:28.750443" elapsed="0.087367"/>
</kw>
<arg>Locator=//input[@placeholder="ยืนยันรหัสผ่าน"]</arg>
<arg>Text=${SecoundPass}</arg>
<status status="PASS" start="2024-11-29T13:38:28.750068" elapsed="0.087839"/>
</kw>
<kw name="Wait unti element is ready then click element" owner="CommonKeywords">
<kw name="Wait Until Keyword Succeeds" owner="BuiltIn">
<kw name="Click Element" owner="SeleniumLibrary">
<msg time="2024-11-29T13:38:28.838774" level="INFO">Clicking element '//input[@name="consent"]'.</msg>
<arg>${Locator}</arg>
<doc>Click the element identified by ``locator``.</doc>
<status status="PASS" start="2024-11-29T13:38:28.838588" elapsed="0.062965"/>
</kw>
<arg>5x</arg>
<arg>2</arg>
<arg>Click Element</arg>
<arg>${Locator}</arg>
<doc>Runs the specified keyword and retries if it fails.</doc>
<status status="PASS" start="2024-11-29T13:38:28.838409" elapsed="0.063523"/>
</kw>
<arg>Locator=//input[@name="consent"]</arg>
<status status="PASS" start="2024-11-29T13:38:28.838097" elapsed="0.063980"/>
</kw>
<kw name="Wait unti element is ready then click element" owner="CommonKeywords">
<kw name="Wait Until Keyword Succeeds" owner="BuiltIn">
<kw name="Click Element" owner="SeleniumLibrary">
<msg time="2024-11-29T13:38:28.903364" level="INFO">Clicking element '//button[text()="สมัครสมาชิก"]'.</msg>
<arg>${Locator}</arg>
<doc>Click the element identified by ``locator``.</doc>
<status status="PASS" start="2024-11-29T13:38:28.903092" elapsed="0.100635"/>
</kw>
<arg>5x</arg>
<arg>2</arg>
<arg>Click Element</arg>
<arg>${Locator}</arg>
<doc>Runs the specified keyword and retries if it fails.</doc>
<status status="PASS" start="2024-11-29T13:38:28.902824" elapsed="0.101012"/>
</kw>
<arg>Locator=//button[text()="สมัครสมาชิก"]</arg>
<status status="PASS" start="2024-11-29T13:38:28.902352" elapsed="0.101577"/>
</kw>
<status status="PASS" start="2024-11-29T13:38:26.097195" elapsed="2.906808"/>
</kw>
<kw name="Then HomepageKeywords.Future skill should display homepage and display massage as &quot;ระบบได้ส่งรหัส OTP ไปยังเบอร์โทรศัพท์&quot;" owner="HomepageKeywords" source_name="Future skill should display homepage and display massage as &quot;${expected_message}&quot;">
<kw name="Wait untill page contains element also then verify text" owner="CommonKeywords">
<kw name="Wait Until Keyword Succeeds" owner="BuiltIn">
<kw name="Page Should Contain" owner="SeleniumLibrary">
<msg time="2024-11-29T13:38:29.388500" level="INFO" html="true">&lt;/td&gt;&lt;/tr&gt;&lt;tr&gt;&lt;td colspan="3"&gt;&lt;a href="selenium-screenshot-1.png"&gt;&lt;img src="selenium-screenshot-1.png" width="800px"&gt;&lt;/a&gt;</msg>
<msg time="2024-11-29T13:38:29.388707" level="FAIL">StaleElementReferenceException: Message: stale element reference: stale element not found in the current frame
  (Session info: chrome=131.0.6778.86); For documentation on this error, please visit: https://www.selenium.dev/documentation/webdriver/troubleshooting/errors#stale-element-reference-exception
Stacktrace:
	GetHandleVerifier [0x00007FF778356CB5+28821]
	(No symbol) [0x00007FF7782C3840]
	(No symbol) [0x00007FF77816578A]
	(No symbol) [0x00007FF77816C2ED]
	(No symbol) [0x00007FF77816EFCC]
	(No symbol) [0x00007FF77816F09F]
	(No symbol) [0x00007FF7781BCBD4]
	(No symbol) [0x00007FF7782015EB]
	(No symbol) [0x00007FF7781DF2FA]
	(No symbol) [0x00007FF7781FF412]
	(No symbol) [0x00007FF7781DF0A3]
	(No symbol) [0x00007FF7781AA778]
	(No symbol) [0x00007FF7781AB8E1]
	GetHandleVerifier [0x00007FF77868FCAD+3408013]
	GetHandleVerifier [0x00007FF7786A741F+3504127]
	GetHandleVerifier [0x00007FF77869B5FD+3455453]
	GetHandleVerifier [0x00007FF77841BDBB+835995]
	(No symbol) [0x00007FF7782CEB5F]
	(No symbol) [0x00007FF7782CA814]
	(No symbol) [0x00007FF7782CA9AD]
	(No symbol) [0x00007FF7782BA199]
	BaseThreadInitThunk [0x00007FFDC7F0259D+29]
	RtlUserThreadStart [0x00007FFDC9A2AF38+40]
</msg>
<arg>${expected_text}</arg>
<doc>Verifies that current page contains ``text``.</doc>
<status status="FAIL" start="2024-11-29T13:38:29.005144" elapsed="0.473033">StaleElementReferenceException: Message: stale element reference: stale element not found in the current frame
  (Session info: chrome=131.0.6778.86); For documentation on this error, please visit: https://www.selenium.dev/documentation/webdriver/troubleshooting/errors#stale-element-reference-exception
Stacktrace:
	GetHandleVerifier [0x00007FF778356CB5+28821]
	(No symbol) [0x00007FF7782C3840]
	(No symbol) [0x00007FF77816578A]
	(No symbol) [0x00007FF77816C2ED]
	(No symbol) [0x00007FF77816EFCC]
	(No symbol) [0x00007FF77816F09F]
	(No symbol) [0x00007FF7781BCBD4]
	(No symbol) [0x00007FF7782015EB]
	(No symbol) [0x00007FF7781DF2FA]
	(No symbol) [0x00007FF7781FF412]
	(No symbol) [0x00007FF7781DF0A3]
	(No symbol) [0x00007FF7781AA778]
	(No symbol) [0x00007FF7781AB8E1]
	GetHandleVerifier [0x00007FF77868FCAD+3408013]
	GetHandleVerifier [0x00007FF7786A741F+3504127]
	GetHandleVerifier [0x00007FF77869B5FD+3455453]
	GetHandleVerifier [0x00007FF77841BDBB+835995]
	(No symbol) [0x00007FF7782CEB5F]
	(No symbol) [0x00007FF7782CA814]
	(No symbol) [0x00007FF7782CA9AD]
	(No symbol) [0x00007FF7782BA199]
	BaseThreadInitThunk [0x00007FFDC7F0259D+29]
	RtlUserThreadStart [0x00007FFDC9A2AF38+40]
</status>
</kw>
<kw name="Page Should Contain" owner="SeleniumLibrary">
<msg time="2024-11-29T13:38:31.832964" level="INFO" html="true">&lt;/td&gt;&lt;/tr&gt;&lt;tr&gt;&lt;td colspan="3"&gt;&lt;a href="selenium-screenshot-2.png"&gt;&lt;img src="selenium-screenshot-2.png" width="800px"&gt;&lt;/a&gt;</msg>
<msg time="2024-11-29T13:38:31.833114" level="FAIL">Page should have contained text 'ระบบได้ส่งรหัส OTP ไปยังเบอร์โทรศัพท์' but did not.</msg>
<arg>${expected_text}</arg>
<doc>Verifies that current page contains ``text``.</doc>
<status status="FAIL" start="2024-11-29T13:38:31.478542" elapsed="0.355418">Page should have contained text 'ระบบได้ส่งรหัส OTP ไปยังเบอร์โทรศัพท์' but did not.</status>
</kw>
<kw name="Page Should Contain" owner="SeleniumLibrary">
<msg time="2024-11-29T13:38:33.843203" level="INFO">Current page contains text 'ระบบได้ส่งรหัส OTP ไปยังเบอร์โทรศัพท์'.</msg>
<arg>${expected_text}</arg>
<doc>Verifies that current page contains ``text``.</doc>
<status status="PASS" start="2024-11-29T13:38:33.834364" elapsed="0.008933"/>
</kw>
<arg>5x</arg>
<arg>2</arg>
<arg>Page should contain</arg>
<arg>${expected_text}</arg>
<doc>Runs the specified keyword and retries if it fails.</doc>
<status status="PASS" start="2024-11-29T13:38:29.004968" elapsed="4.838419"/>
</kw>
<arg>${expected_message}</arg>
<status status="PASS" start="2024-11-29T13:38:29.004691" elapsed="4.838789"/>
</kw>
<status status="PASS" start="2024-11-29T13:38:29.004367" elapsed="4.839186"/>
</kw>
<status status="PASS" start="2024-11-29T13:38:26.096465" elapsed="7.747340"/>
</test>
<kw name="Close Browser" owner="SeleniumLibrary" type="TEARDOWN">
<doc>Closes the current browser.</doc>
<status status="PASS" start="2024-11-29T13:38:33.844645" elapsed="2.159172"/>
</kw>
<status status="PASS" start="2024-11-29T13:38:23.395443" elapsed="12.608469"/>
</suite>
<status status="PASS" start="2024-11-29T13:38:23.360240" elapsed="12.644598"/>
</suite>
<statistics>
<total>
<stat pass="1" fail="0" skip="0">All Tests</stat>
</total>
<tag>
</tag>
<suite>
<stat pass="1" fail="0" skip="0" id="s1" name="Testcases">Testcases</stat>
<stat pass="1" fail="0" skip="0" id="s1-s1" name="RegisTestcases">Testcases.RegisTestcases</stat>
</suite>
</statistics>
<errors>
</errors>
</robot>
